app/build/intermediates/manifest_merge_blame_file/debug/manifest-merger-blame-debug-report.txt
1<?xml version="1.0" encoding="utf-8"?>
2<manifest xmlns:android="http://schemas.android.com/apk/res/android"
3    package="com.example.cityguide"
4    android:versionCode="1"
5    android:versionName="1.0" >
6
7    <uses-sdk
8        android:minSdkVersion="16"
8-->src\main\AndroidManifest.xml
9        android:targetSdkVersion="29" />
9-->src\main\AndroidManifest.xml
10
11    <application
11-->src\main\AndroidManifest.xml:5:5-36:19
12        android:allowBackup="true"
12-->src\main\AndroidManifest.xml:6:9-35
13        android:appComponentFactory="androidx.core.app.CoreComponentFactory"
13-->[androidx.core:core:1.1.0] AndroidManifest.xml:24:18-86
14        android:debuggable="true"
15        android:icon="@mipmap/ic_launcher"
15-->src\main\AndroidManifest.xml:7:9-43
16        android:label="@string/app_name"
16-->src\main\AndroidManifest.xml:8:9-41
17        android:roundIcon="@mipmap/ic_launcher_round"
17-->src\main\AndroidManifest.xml:9:9-54
18        android:supportsRtl="true"
18-->src\main\AndroidManifest.xml:10:9-35
19        android:testOnly="true"
20        android:theme="@style/AppTheme" >
20-->src\main\AndroidManifest.xml:11:9-40
21        <activity android:name="com.example.cityguide.Common.LoginSignup.ForgetSuccess" />
21-->src\main\AndroidManifest.xml:12:9-79
21-->src\main\AndroidManifest.xml:12:19-67
22        <activity android:name="com.example.cityguide.Common.LoginSignup.SetNewPassword" />
22-->src\main\AndroidManifest.xml:13:9-71
22-->src\main\AndroidManifest.xml:13:19-68
23        <activity android:name="com.example.cityguide.Common.LoginSignup.MakeSelection" />
23-->src\main\AndroidManifest.xml:14:9-70
23-->src\main\AndroidManifest.xml:14:19-67
24        <activity android:name="com.example.cityguide.Common.LoginSignup.ForgetPassword" />
24-->src\main\AndroidManifest.xml:15:9-71
24-->src\main\AndroidManifest.xml:15:19-68
25        <activity android:name="com.example.cityguide.Common.LoginSignup.OTPVerify" />
25-->src\main\AndroidManifest.xml:16:9-66
25-->src\main\AndroidManifest.xml:16:19-63
26        <activity android:name="com.example.cityguide.Common.LoginSignup.SignUp3rdClass" />
26-->src\main\AndroidManifest.xml:17:9-71
26-->src\main\AndroidManifest.xml:17:19-68
27        <activity android:name="com.example.cityguide.Common.LoginSignup.SignUp2ndClass" />
27-->src\main\AndroidManifest.xml:18:9-71
27-->src\main\AndroidManifest.xml:18:19-68
28        <activity android:name="com.example.cityguide.Common.LoginSignup.SignUp" />
28-->src\main\AndroidManifest.xml:19:9-63
28-->src\main\AndroidManifest.xml:19:19-60
29        <activity android:name="com.example.cityguide.Common.LoginSignup.Login" />
29-->src\main\AndroidManifest.xml:20:9-62
29-->src\main\AndroidManifest.xml:20:19-59
30        <activity android:name="com.example.cityguide.Common.LoginSignup.RetailerStart" />
30-->src\main\AndroidManifest.xml:21:9-70
30-->src\main\AndroidManifest.xml:21:19-67
31        <activity android:name="com.example.cityguide.User.AllCategories" />
31-->src\main\AndroidManifest.xml:22:9-56
31-->src\main\AndroidManifest.xml:22:19-53
32        <activity android:name="com.example.cityguide.User.UserDashboard" />
32-->src\main\AndroidManifest.xml:23:9-56
32-->src\main\AndroidManifest.xml:23:19-53
33        <activity android:name="com.example.cityguide.Common.SiderImage" />
33-->src\main\AndroidManifest.xml:24:9-55
33-->src\main\AndroidManifest.xml:24:19-52
34        <activity android:name="com.example.cityguide.Common.SplashScreen" >
34-->src\main\AndroidManifest.xml:25:9-31:20
34-->src\main\AndroidManifest.xml:25:19-54
35            <intent-filter>
35-->src\main\AndroidManifest.xml:26:13-30:29
36                <action android:name="android.intent.action.MAIN" />
36-->src\main\AndroidManifest.xml:27:17-69
36-->src\main\AndroidManifest.xml:27:25-66
37
38                <category android:name="android.intent.category.LAUNCHER" />
38-->src\main\AndroidManifest.xml:29:17-77
38-->src\main\AndroidManifest.xml:29:27-74
39            </intent-filter>
40        </activity>
41
42        <meta-data
42-->src\main\AndroidManifest.xml:33:9-35:57
43            android:name="preloaded_fonts"
43-->src\main\AndroidManifest.xml:34:13-43
44            android:resource="@array/preloaded_fonts" />
44-->src\main\AndroidManifest.xml:35:13-54
45    </application>
46
47</manifest>